0 info it worked if it ends with ok
1 verbose cli [ '/home/gregory/.nvm/versions/node/v4.8.7/bin/node',
1 verbose cli   '/home/gregory/.nvm/versions/node/v4.8.7/bin/npm',
1 verbose cli   'run',
1 verbose cli   'watch' ]
2 info using npm@2.15.11
3 info using node@v4.8.7
4 verbose run-script [ 'prewatch', 'watch', 'postwatch' ]
5 info prewatch app@1.0.0
6 info watch app@1.0.0
7 verbose unsafe-perm in lifecycle true
8 info app@1.0.0 Failed to exec watch script
9 verbose stack Error: app@1.0.0 watch: `webpack --config webpack-watch.config.js --watch`
9 verbose stack Exit status 1
9 verbose stack     at EventEmitter.<anonymous> (/home/gregory/.nvm/versions/node/v4.8.7/lib/node_modules/npm/lib/utils/lifecycle.js:217:16)
9 verbose stack     at emitTwo (events.js:87:13)
9 verbose stack     at EventEmitter.emit (events.js:172:7)
9 verbose stack     at ChildProcess.<anonymous> (/home/gregory/.nvm/versions/node/v4.8.7/lib/node_modules/npm/lib/utils/spawn.js:24:14)
9 verbose stack     at emitTwo (events.js:87:13)
9 verbose stack     at ChildProcess.emit (events.js:172:7)
9 verbose stack     at maybeClose (internal/child_process.js:862:16)
9 verbose stack     at Process.ChildProcess._handle.onexit (internal/child_process.js:222:5)
10 verbose pkgid app@1.0.0
11 verbose cwd /work/projects/wsr
12 error Linux 4.4.0-138-generic
13 error argv "/home/gregory/.nvm/versions/node/v4.8.7/bin/node" "/home/gregory/.nvm/versions/node/v4.8.7/bin/npm" "run" "watch"
14 error node v4.8.7
15 error npm  v2.15.11
16 error code ELIFECYCLE
17 error app@1.0.0 watch: `webpack --config webpack-watch.config.js --watch`
17 error Exit status 1
18 error Failed at the app@1.0.0 watch script 'webpack --config webpack-watch.config.js --watch'.
18 error This is most likely a problem with the app package,
18 error not with npm itself.
18 error Tell the author that this fails on your system:
18 error     webpack --config webpack-watch.config.js --watch
18 error You can get information on how to open an issue for this project with:
18 error     npm bugs app
18 error Or if that isn't available, you can get their info via:
18 error
18 error     npm owner ls app
18 error There is likely additional logging output above.
19 verbose exit [ 1, true ]
